SF:lib\src\auto_scroll_hotspot_presence_inspector.dart
DA:7,2
DA:8,1
DA:9,1
DA:14,2
DA:15,2
DA:16,2
DA:17,2
DA:18,2
DA:20,2
DA:21,2
DA:22,2
DA:23,2
DA:24,2
DA:26,12
DA:28,2
DA:29,6
DA:30,6
DA:31,4
DA:33,2
DA:34,6
DA:35,6
DA:36,10
DA:38,2
DA:39,16
DA:41,2
DA:42,10
DA:44,2
DA:45,16
LF:28
LH:28
end_of_record
SF:lib\src\drag_select_grid_view.dart
DA:10,4
DA:13,1
DA:14,9
DA:22,4
DA:23,4
DA:32,12
DA:34,6
DA:36,4
DA:37,8
DA:39,4
DA:41,4
DA:42,4
DA:43,4
DA:44,4
DA:45,4
DA:46,4
DA:48,4
DA:49,4
DA:50,4
DA:55,1
DA:56,3
DA:59,1
DA:60,2
DA:61,1
DA:62,2
DA:63,1
DA:65,1
DA:69,1
DA:70,3
DA:71,1
DA:74,1
DA:75,1
DA:76,1
DA:78,1
DA:79,1
DA:80,1
LF:36
LH:36
end_of_record
SF:lib\src\auto_scroller\auto_scroll.dart
DA:4,25
DA:9,4
DA:10,1
DA:11,1
DA:12,5
DA:14,4
DA:26,6
DA:30,5
DA:31,4
DA:48,1
DA:50,1
DA:51,1
DA:52,1
DA:53,1
DA:56,3
DA:59,3
DA:60,9
DA:61,9
DA:62,9
DA:63,9
DA:64,9
DA:66,1
DA:68,3
DA:69,3
DA:70,3
DA:71,2
DA:79,4
DA:81,6
DA:83,10
DA:86,2
DA:87,2
DA:90,2
DA:95,1
DA:96,2
DA:98,3
DA:101,3
DA:102,9
DA:103,9
DA:105,1
DA:106,2
LF:40
LH:40
end_of_record
SF:lib\src\auto_scroller\auto_scroller.dart
DA:9,1
DA:13,5
DA:17,5
DA:18,5
DA:25,5
DA:26,5
DA:27,2
DA:35,5
DA:36,25
DA:40,1
DA:42,3
DA:43,2
DA:44,2
DA:50,1
DA:52,3
DA:53,3
DA:63,2
DA:65,6
DA:73,2
DA:75,6
DA:76,10
DA:77,6
DA:78,4
DA:80,2
DA:81,2
DA:82,2
DA:84,3
DA:85,2
DA:86,2
DA:87,2
DA:98,1
DA:100,2
DA:101,1
DA:107,1
DA:109,2
DA:110,1
DA:112,1
DA:113,1
DA:131,1
DA:135,3
DA:138,2
DA:140,1
LF:42
LH:42
end_of_record
SF:lib\src\auto_scroller\auto_scroller_mixin.dart
DA:12,0
DA:15,0
DA:16,0
DA:20,0
DA:21,0
DA:22,0
DA:24,0
DA:29,0
DA:30,0
DA:31,0
DA:33,0
DA:38,0
DA:39,0
DA:40,0
DA:41,0
DA:46,0
DA:47,0
DA:48,4
LF:18
LH:1
end_of_record
SF:lib\src\spacing_details\spacing_details_mixin.dart
DA:26,0
DA:28,0
DA:30,0
DA:32,0
DA:34,0
DA:36,0
DA:38,0
DA:40,0
DA:41,0
DA:42,8
DA:45,0
DA:46,0
DA:47,0
DA:48,0
LF:14
LH:1
end_of_record
SF:lib\src\spacing_details\spacing_details.dart
DA:11,1
DA:29,4
DA:32,1
DA:33,1
DA:34,4
DA:41,5
DA:44,5
DA:47,2
DA:50,1
DA:51,1
DA:54,5
DA:57,5
DA:63,4
DA:64,4
DA:65,4
DA:66,4
DA:69,4
DA:70,12
DA:72,16
DA:73,8
DA:74,8
DA:77,4
DA:78,12
DA:79,12
DA:80,12
DA:81,12
DA:84,4
DA:85,4
DA:86,28
DA:87,4
DA:88,28
LF:31
LH:31
end_of_record
