SF:lib\src\auto_scroll\auto_scroll.dart
DA:13,8
DA:15,7
DA:18,7
DA:29,4
DA:30,1
DA:31,1
DA:32,5
DA:34,4
DA:46,4
DA:50,3
DA:51,4
DA:69,1
DA:71,1
DA:72,1
DA:73,1
DA:74,1
DA:77,3
DA:80,3
DA:81,9
DA:82,9
DA:83,9
DA:84,9
DA:85,9
DA:87,1
DA:89,3
DA:90,3
DA:91,3
DA:92,2
DA:105,4
DA:108,4
DA:113,4
DA:116,8
DA:121,2
DA:122,2
DA:125,2
DA:130,1
DA:131,2
DA:133,3
DA:137,3
DA:138,9
DA:139,9
DA:141,1
DA:143,2
LF:43
LH:43
end_of_record
SF:lib\src\auto_scroll\auto_scroller.dart
DA:27,3
DA:28,5
DA:43,3
DA:44,15
DA:48,1
DA:50,3
DA:51,2
DA:52,2
DA:59,1
DA:61,3
DA:62,3
DA:72,2
DA:74,6
DA:82,2
DA:84,6
DA:85,10
DA:86,6
DA:87,4
DA:93,2
DA:94,2
DA:95,2
DA:97,3
DA:98,2
DA:99,2
DA:100,2
DA:111,1
DA:113,1
DA:114,1
DA:115,3
DA:117,2
DA:118,1
DA:125,1
DA:127,1
DA:128,1
DA:129,3
DA:131,2
DA:132,1
DA:134,1
DA:135,1
DA:153,1
DA:157,3
DA:160,2
DA:162,1
LF:43
LH:43
end_of_record
SF:lib\src\auto_scroll\auto_scroller_mixin.dart
DA:43,0
DA:45,0
DA:46,0
DA:47,2
DA:48,4
DA:49,4
DA:50,4
DA:51,4
DA:52,8
DA:58,0
DA:60,0
DA:61,0
DA:63,0
DA:72,0
DA:75,0
DA:76,0
DA:81,0
DA:82,0
DA:83,0
DA:86,0
DA:87,0
DA:88,0
DA:93,0
DA:94,0
DA:95,0
DA:105,0
DA:106,0
DA:107,0
DA:117,0
DA:118,0
DA:119,0
DA:120,0
DA:125,0
DA:126,0
DA:127,0
DA:128,0
DA:129,0
DA:131,0
DA:132,0
DA:133,4
LF:40
LH:7
end_of_record
SF:lib\src\drag_select_grid_view\drag_select_grid_view.dart
DA:71,2
DA:90,1
DA:93,2
DA:94,2
DA:176,2
DA:177,2
DA:189,6
DA:192,3
DA:195,3
DA:198,2
DA:199,8
DA:200,4
DA:202,2
DA:203,4
DA:205,2
DA:206,4
DA:208,2
DA:210,0
DA:211,0
DA:212,0
DA:217,2
DA:219,2
DA:220,4
DA:223,2
DA:225,3
DA:226,2
DA:229,2
DA:231,2
DA:232,2
DA:233,2
DA:234,2
DA:235,2
DA:236,2
DA:237,2
DA:238,2
DA:240,2
DA:241,2
DA:242,2
DA:243,4
DA:244,4
DA:245,4
DA:246,4
DA:247,4
DA:248,4
DA:249,4
DA:250,4
DA:251,4
DA:252,4
DA:253,4
DA:254,4
DA:255,4
DA:256,1
DA:257,1
DA:259,2
DA:260,2
DA:261,2
DA:264,2
DA:274,1
DA:275,3
DA:276,2
DA:277,2
DA:281,1
DA:282,3
DA:283,3
DA:284,1
DA:291,1
DA:292,1
DA:294,2
DA:296,2
DA:297,4
DA:298,1
DA:302,1
DA:303,2
DA:305,2
DA:306,4
DA:307,1
DA:311,1
DA:312,1
DA:314,1
DA:315,2
DA:317,5
DA:318,4
DA:319,1
DA:322,2
DA:323,2
DA:324,1
DA:326,1
DA:328,2
DA:329,2
DA:330,1
DA:332,1
DA:335,1
DA:339,1
DA:340,3
DA:341,1
DA:344,1
DA:345,2
DA:346,3
DA:350,1
DA:351,3
DA:353,1
DA:355,1
DA:356,2
DA:357,1
DA:360,3
DA:363,1
DA:364,5
LF:107
LH:104
end_of_record
SF:lib\src\drag_select_grid_view\selectable.dart
DA:35,1
DA:41,1
DA:52,1
DA:53,1
DA:60,2
DA:62,1
DA:63,1
DA:65,1
DA:67,1
DA:68,3
DA:71,1
DA:73,3
DA:74,1
DA:78,1
DA:79,1
DA:80,3
DA:81,1
DA:84,1
LF:18
LH:18
end_of_record
SF:lib\src\drag_select_grid_view\drag_select_grid_view_controller.dart
DA:20,2
DA:25,2
DA:26,2
DA:27,2
DA:35,2
LF:5
LH:5
end_of_record
SF:lib\src\drag_select_grid_view\selection.dart
DA:17,6
DA:21,4
DA:28,6
DA:33,2
DA:34,2
DA:35,4
DA:43,2
DA:44,2
DA:45,4
DA:50,2
DA:51,4
DA:52,4
DA:54,2
DA:59,2
DA:60,4
DA:61,4
DA:71,2
DA:72,2
DA:73,12
DA:77,8
DA:78,8
DA:79,4
DA:80,4
DA:83,2
DA:84,2
DA:88,2
DA:89,4
DA:90,4
DA:99,2
DA:100,4
DA:102,2
DA:103,2
DA:104,4
DA:107,4
DA:108,4
DA:111,4
DA:113,2
DA:115,4
DA:118,4
DA:120,2
DA:122,4
DA:125,2
DA:137,4
DA:143,3
DA:146,3
DA:148,1
DA:149,2
DA:151,1
DA:154,1
DA:155,3
DA:156,3
DA:158,1
DA:159,2
LF:53
LH:53
end_of_record
SF:lib\src\misc\utils.dart
DA:5,3
DA:6,3
DA:7,3
DA:8,3
DA:9,6
DA:10,6
DA:11,3
LF:7
LH:7
end_of_record
